<?xml version="1.0" encoding="UTF-8"?>
<!-- Generated by org.testng.reporters.JUnitReportReporter -->
<testsuite hostname="DESKTOP-G2HCGQK" failures="0" tests="1" name="petStore.testNG.TestNGHomePage" time="11.415" errors="0" timestamp="2019-12-26T01:34:02 CET" skipped="0">
  <testcase classname="petStore.testNG.TestNGHomePage" name="testEnterClick" time="11.415"/>
</testsuite> <!-- petStore.testNG.TestNGHomePage -->
