<?xml version="1.0" encoding="UTF-8"?>
<!-- Generated by org.testng.reporters.JUnitReportReporter -->
<testsuite hostname="DESKTOP-G2HCGQK" failures="0" tests="1" name="petStore.testNG.TestNGManu" time="32.113" errors="0" timestamp="2019-12-26T00:14:23 CET" skipped="0">
  <testcase classname="petStore.testNG.TestNGManu" name="testHeadElements" time="32.113"/>
</testsuite> <!-- petStore.testNG.TestNGManu -->
