<?xml version="1.0" encoding="UTF-8"?>
<!-- Generated by org.testng.reporters.JUnitReportReporter -->
<testsuite hostname="DESKTOP-G2HCGQK" failures="0" tests="1" name="petStore.testNG.TestNGSignIn" time="164.643" errors="0" timestamp="2019-12-26T21:45:28 CET" skipped="0">
  <testcase classname="petStore.testNG.TestNGSignIn" name="testSignIn" time="164.643"/>
</testsuite> <!-- petStore.testNG.TestNGSignIn -->
