<?xml version="1.0" encoding="UTF-8"?>
<!-- Generated by org.testng.reporters.JUnitReportReporter -->
<testsuite hostname="DESKTOP-G2HCGQK" failures="0" tests="1" name="petStore.testNG.TestNGShoppCart" time="16.429" errors="0" timestamp="2019-12-26T21:36:52 CET" skipped="0">
  <testcase classname="petStore.testNG.TestNGShoppCart" name="testShoppCart" time="16.429"/>
</testsuite> <!-- petStore.testNG.TestNGShoppCart -->
