<?xml version="1.0" encoding="UTF-8"?>
<!-- Generated by org.testng.reporters.JUnitReportReporter -->
<testsuite hostname="DESKTOP-G2HCGQK" failures="0" tests="2" name="petStore.testNG.TestNGChangeMyAccInfo" time="31.471" errors="0" timestamp="2019-12-26T20:55:17 CET" skipped="0">
  <testcase classname="petStore.testNG.TestNGChangeMyAccInfo" name="testChangeMyAccInfo" time="18.643"/>
  <testcase classname="petStore.testNG.TestNGChangeMyAccInfo" name="testChangeMyAccInfoAfterSO" time="12.828"/>
</testsuite> <!-- petStore.testNG.TestNGChangeMyAccInfo -->
